This is pdfTeXk, Version 3.141592-1.40.3 (Web2C 7.5.6) (format=pdflatex 2012.9.3)  8 FEB 2013 10:40
entering extended mode
 %&-line parsing enabled.
**main.tex
(./main.tex
LaTeX2e <2005/12/01>
Babel <v3.8h> and hyphenation patterns for english, usenglishmax, dumylang, noh
yphenation, arabic, basque, bulgarian, coptic, welsh, czech, slovak, german, ng
erman, danish, esperanto, spanish, catalan, galician, estonian, farsi, finnish,
 french, greek, monogreek, ancientgreek, croatian, hungarian, interlingua, ibyc
us, indonesian, icelandic, italian, latin, mongolian, dutch, norsk, polish, por
tuguese, pinyin, romanian, russian, slovenian, uppersorbian, serbian, swedish, 
turkish, ukenglish, ukrainian, loaded.
(/usr/share/texmf/tex/latex/base/article.cls
Document Class: article 2005/09/16 v1.4f Standard LaTeX document class
(/usr/share/texmf/tex/latex/base/size10.clo
File: size10.clo 2005/09/16 v1.4f Standard LaTeX file (size option)
)
\c@part=\count79
\c@section=\count80
\c@subsection=\count81
\c@subsubsection=\count82
\c@paragraph=\count83
\c@subparagraph=\count84
\c@figure=\count85
\c@table=\count86
\abovecaptionskip=\skip41
\belowcaptionskip=\skip42
\bibindent=\dimen102
)
(/usr/share/texmf/tex/latex/ltxmisc/url.sty
\Urlmuskip=\muskip10
Package: url 2005/06/27  ver 3.2  Verb mode for urls, etc.
)
(/usr/share/texmf/tex/latex/graphics/graphicx.sty
Package: graphicx 1999/02/16 v1.0f Enhanced LaTeX Graphics (DPC,SPQR)

(/usr/share/texmf/tex/latex/graphics/keyval.sty
Package: keyval 1999/03/16 v1.13 key=value parser (DPC)
\KV@toks@=\toks14
)
(/usr/share/texmf/tex/latex/graphics/graphics.sty
Package: graphics 2006/02/20 v1.0o Standard LaTeX Graphics (DPC,SPQR)

(/usr/share/texmf/tex/latex/graphics/trig.sty
Package: trig 1999/03/16 v1.09 sin cos tan (DPC)
)
(/usr/share/texmf/tex/latex/config/graphics.cfg
File: graphics.cfg 2007/01/18 v1.5 graphics configuration of teTeX/TeXLive
)
Package graphics Info: Driver file: pdftex.def on input line 90.

(/usr/share/texmf/tex/latex/pdftex-def/pdftex.def
File: pdftex.def 2007/01/08 v0.04d Graphics/color for pdfTeX
\Gread@gobject=\count87
))
\Gin@req@height=\dimen103
\Gin@req@width=\dimen104
) (./main.aux)
\openout1 = `main.aux'.

LaTeX Font Info:    Checking defaults for OML/cmm/m/it on input line 26.
LaTeX Font Info:    ... okay on input line 26.
LaTeX Font Info:    Checking defaults for T1/cmr/m/n on input line 26.
LaTeX Font Info:    ... okay on input line 26.
LaTeX Font Info:    Checking defaults for OT1/cmr/m/n on input line 26.
LaTeX Font Info:    ... okay on input line 26.
LaTeX Font Info:    Checking defaults for OMS/cmsy/m/n on input line 26.
LaTeX Font Info:    ... okay on input line 26.
LaTeX Font Info:    Checking defaults for OMX/cmex/m/n on input line 26.
LaTeX Font Info:    ... okay on input line 26.
LaTeX Font Info:    Checking defaults for U/cmr/m/n on input line 26.
LaTeX Font Info:    ... okay on input line 26.
LaTeX Font Info:    External font `cmex10' loaded for size
(Font)              <12> on input line 27.
LaTeX Font Info:    External font `cmex10' loaded for size
(Font)              <8> on input line 27.
LaTeX Font Info:    External font `cmex10' loaded for size
(Font)              <6> on input line 27.
 (./main.toc
LaTeX Font Info:    External font `cmex10' loaded for size
(Font)              <7> on input line 3.
LaTeX Font Info:    External font `cmex10' loaded for size
(Font)              <5> on input line 3.
)
\tf@toc=\write3
\openout3 = `main.toc'.


(./main.lof)
\tf@lof=\write4
\openout4 = `main.lof'.

 [1

{/usr/share/texmf/fonts/map/pdftex/updmap/pdftex.map}]
LaTeX Font Info:    Try loading font information for OMS+cmr on input line 54.

(/usr/share/texmf/tex/latex/base/omscmr.fd
File: omscmr.fd 1999/05/25 v2.5h Standard LaTeX font definitions
)
LaTeX Font Info:    Font shape `OMS/cmr/m/n' in size <10> not available
(Font)              Font shape `OMS/cmsy/m/n' tried instead on input line 54.

<../img/ncbiHome.png, id=10, 1282.7925pt x 950.55125pt>
File: ../img/ncbiHome.png Graphic file (type png)

<use ../img/ncbiHome.png> [2]
<../img/ncbiHomeSearch.png, id=16, 1192.455pt x 91.34125pt>
File: ../img/ncbiHomeSearch.png Graphic file (type png)

<use ../img/ncbiHomeSearch.png>
<../img/ncbiSearchResults.png, id=17, 887.315pt x 369.38pt>
File: ../img/ncbiSearchResults.png Graphic file (type png)

<use ../img/ncbiSearchResults.png>
<../img/ncbiSequenceSelected.png, id=18, 891.33pt x 771.88374pt>
File: ../img/ncbiSequenceSelected.png Graphic file (type png)

<use ../img/ncbiSequenceSelected.png>
<../img/ncbiSequenceFound.png, id=19, 841.1425pt x 831.105pt>
File: ../img/ncbiSequenceFound.png Graphic file (type png)

<use ../img/ncbiSequenceFound.png>
<../img/PrimerDesignSplash.png, id=20, 807.015pt x 632.3625pt>
File: ../img/PrimerDesignSplash.png Graphic file (type png)

<use ../img/PrimerDesignSplash.png>
<../img/PrimerDesignStartWithSeq.png, id=21, 807.015pt x 632.3625pt>
File: ../img/PrimerDesignStartWithSeq.png Graphic file (type png)

<use ../img/PrimerDesignStartWithSeq.png>
<../img/PrimerDesignAreaSelection.png, id=22, 807.015pt x 632.3625pt>
File: ../img/PrimerDesignAreaSelection.png Graphic file (type png)

<use ../img/PrimerDesignAreaSelection.png> [3]
<../img/PrimerDesignPrimerSelect.png, id=26, 807.015pt x 632.3625pt>
File: ../img/PrimerDesignPrimerSelect.png Graphic file (type png)

<use ../img/PrimerDesignPrimerSelect.png>
<../img/PrimerDesignPrimerFeedback.png, id=27, 716.6775pt x 435.6275pt>
File: ../img/PrimerDesignPrimerFeedback.png Graphic file (type png)

<use ../img/PrimerDesignPrimerFeedback.png>
<../img/PrimerDesignMeltingTemp.png, id=28, 807.015pt x 632.3625pt>
File: ../img/PrimerDesignMeltingTemp.png Graphic file (type png)

<use ../img/PrimerDesignMeltingTemp.png> [4] [5 <../img/ncbiHome.png (PNG copy)
> <../img/ncbiHomeSearch.png (PNG copy)> <../img/ncbiSearchResults.png (PNG cop
y)>] [6 <../img/ncbiSequenceSelected.png (PNG copy)> <../img/ncbiSequenceFound.
png (PNG copy)>] [7 <../img/PrimerDesignSplash.png (PNG copy)> <../img/PrimerDe
signStartWithSeq.png (PNG copy)>] [8 <../img/PrimerDesignAreaSelection.png (PNG
 copy)> <../img/PrimerDesignPrimerSelect.png (PNG copy)>] [9 <../img/PrimerDesi
gnPrimerFeedback.png (PNG copy)> <../img/PrimerDesignMeltingTemp.png (PNG copy)
>] (./main.aux) ) 
Here is how much of TeX's memory you used:
 762 strings out of 256216
 10218 string characters out of 1917073
 59614 words of memory out of 1500000
 4073 multiletter control sequences out of 10000+200000
 8063 words of font info for 29 fonts, out of 1200000 for 2000
 645 hyphenation exceptions out of 8191
 25i,6n,19p,207b,249s stack positions out of 5000i,500n,6000p,200000b,15000s
</usr/share/texmf/fonts/type1/bluesky/cm/cmbx10.pfb></usr/shar
e/texmf/fonts/type1/bluesky/cm/cmbx12.pfb></usr/share/texmf/fonts/type1/bluesky
/cm/cmr10.pfb></usr/share/texmf/fonts/type1/bluesky/cm/cmr12.pfb></usr/share/te
xmf/fonts/type1/bluesky/cm/cmr17.pfb></usr/share/texmf/fonts/type1/bluesky/cm/c
msy10.pfb></usr/share/texmf/fonts/type1/bluesky/cm/cmtt10.pfb>
Output written on main.pdf (9 pages, 748086 bytes).
PDF statistics:
 71 PDF objects out of 1000 (max. 8388607)
 0 named destinations out of 1000 (max. 131072)
 56 words of extra memory for PDF output out of 10000 (max. 10000000)

