\BOOKMARK [0][-]{chapter.1}{Introduction}{}
\BOOKMARK [1][-]{section.1.1}{Preliminaries}{chapter.1}
\BOOKMARK [1][-]{section.1.2}{Aims}{chapter.1}
\BOOKMARK [1][-]{section.1.3}{Background}{chapter.1}
\BOOKMARK [1][-]{section.1.4}{Motivation}{chapter.1}
\BOOKMARK [0][-]{chapter.2}{Design}{}
\BOOKMARK [1][-]{section.2.1}{Requirements}{chapter.2}
\BOOKMARK [1][-]{section.2.2}{UI}{chapter.2}
\BOOKMARK [0][-]{chapter.3}{Implementation}{}
\BOOKMARK [1][-]{section.3.1}{Team Distribution}{chapter.3}
\BOOKMARK [1][-]{section.3.2}{Programming Language}{chapter.3}
\BOOKMARK [1][-]{section.3.3}{User Interface}{chapter.3}
\BOOKMARK [2][-]{subsection.3.3.1}{GUI Framework}{section.3.3}
\BOOKMARK [2][-]{subsection.3.3.2}{Integrated Development Environment \(IDE\)}{section.3.3}
\BOOKMARK [2][-]{subsection.3.3.3}{Builds}{section.3.3}
\BOOKMARK [1][-]{section.3.4}{Models \046 Custom Methods}{chapter.3}
\BOOKMARK [2][-]{subsection.3.4.1}{Models}{section.3.4}
\BOOKMARK [2][-]{subsection.3.4.2}{Primer Checking}{section.3.4}
\BOOKMARK [2][-]{subsection.3.4.3}{Dynamic Primer Highlighting}{section.3.4}
\BOOKMARK [1][-]{section.3.5}{Animation}{chapter.3}
\BOOKMARK [0][-]{chapter.4}{Evaluation}{}
\BOOKMARK [1][-]{section.4.1}{Testing}{chapter.4}
\BOOKMARK [2][-]{subsection.4.1.1}{Methods Of Testing}{section.4.1}
\BOOKMARK [1][-]{section.4.2}{Demonstration}{chapter.4}
\BOOKMARK [2][-]{subsection.4.2.1}{Running the demonstration}{section.4.2}
\BOOKMARK [2][-]{subsection.4.2.2}{Feedback from demonstration}{section.4.2}
\BOOKMARK [2][-]{subsection.4.2.3}{Changes proposed after feedback from demonstration}{section.4.2}
\BOOKMARK [1][-]{section.4.3}{Questionnaire}{chapter.4}
\BOOKMARK [2][-]{subsection.4.3.1}{Questionnaire System}{section.4.3}
\BOOKMARK [2][-]{subsection.4.3.2}{Questions}{section.4.3}
\BOOKMARK [2][-]{subsection.4.3.3}{Feedback Analysis}{section.4.3}
\BOOKMARK [1][-]{section.4.4}{Future Work}{chapter.4}
\BOOKMARK [2][-]{subsection.4.4.1}{Future Improvements}{section.4.4}
\BOOKMARK [0][-]{chapter.5}{Conclusion}{}
\BOOKMARK [1][-]{section.5.1}{Project Successes}{chapter.5}
\BOOKMARK [1][-]{section.5.2}{Project Failures}{chapter.5}
\BOOKMARK [1][-]{section.5.3}{Lessons Learned}{chapter.5}
\BOOKMARK [0][-]{appendix.A}{Glossary}{}
\BOOKMARK [0][-]{appendix.B}{Questionnaire Responses}{}
\BOOKMARK [0][-]{appendix.C}{Roundtable Feedback}{}
\BOOKMARK [0][-]{appendix.D}{Demonstration Feedback}{}
