This is pdfTeXk, Version 3.141592-1.40.3 (Web2C 7.5.6) (format=pdflatex 2012.8.30)  18 MAR 2013 17:38
entering extended mode
 %&-line parsing enabled.
**main.tex
(./main.tex
LaTeX2e <2005/12/01>
Babel <v3.8h> and hyphenation patterns for english, usenglishmax, dumylang, noh
yphenation, arabic, basque, bulgarian, coptic, welsh, czech, slovak, german, ng
erman, danish, esperanto, spanish, catalan, galician, estonian, farsi, finnish,
 french, greek, monogreek, ancientgreek, croatian, hungarian, interlingua, ibyc
us, indonesian, icelandic, italian, latin, mongolian, dutch, norsk, polish, por
tuguese, pinyin, romanian, russian, slovenian, uppersorbian, serbian, swedish, 
turkish, ukenglish, ukrainian, loaded.
(./l3proj.cls
Document Class: l3proj 2009/01/09 Colin Perkins <csp@dcs.gla.ac.uk>.2009/09/16 
Modified by Tim Storer <tws@dcs.gla.ac.uk> to support non pdf modes.2011/02/23 
Modified by Jeremy.Singer@glasgow.ac.uk to use hyperref.
(/usr/share/texmf/tex/latex/base/report.cls
Document Class: report 2005/09/16 v1.4f Standard LaTeX document class
(/usr/share/texmf/tex/latex/base/size11.clo
File: size11.clo 2005/09/16 v1.4f Standard LaTeX file (size option)
)
\c@part=\count79
\c@chapter=\count80
\c@section=\count81
\c@subsection=\count82
\c@subsubsection=\count83
\c@paragraph=\count84
\c@subparagraph=\count85
\c@figure=\count86
\c@table=\count87
\abovecaptionskip=\skip41
\belowcaptionskip=\skip42
\bibindent=\dimen102
)
(/usr/share/texmf/tex/generic/oberdiek/ifpdf.sty
Package: ifpdf 2006/02/20 v1.4 Provides the ifpdf switch (HO)
Package ifpdf Info: pdfTeX in pdf mode detected.
)
(/usr/share/texmf/tex/latex/graphics/graphicx.sty
Package: graphicx 1999/02/16 v1.0f Enhanced LaTeX Graphics (DPC,SPQR)

(/usr/share/texmf/tex/latex/graphics/keyval.sty
Package: keyval 1999/03/16 v1.13 key=value parser (DPC)
\KV@toks@=\toks14
)
(/usr/share/texmf/tex/latex/graphics/graphics.sty
Package: graphics 2006/02/20 v1.0o Standard LaTeX Graphics (DPC,SPQR)

(/usr/share/texmf/tex/latex/graphics/trig.sty
Package: trig 1999/03/16 v1.09 sin cos tan (DPC)
)
(/usr/share/texmf/tex/latex/config/graphics.cfg
File: graphics.cfg 2007/01/18 v1.5 graphics configuration of teTeX/TeXLive
)
Package graphics Info: Driver file: pdftex.def on input line 90.

(/usr/share/texmf/tex/latex/pdftex-def/pdftex.def
File: pdftex.def 2007/01/08 v0.04d Graphics/color for pdfTeX
\Gread@gobject=\count88
))
\Gin@req@height=\dimen103
\Gin@req@width=\dimen104
)
(/usr/share/texmf/tex/latex/psnfss/times.sty
Package: times 2005/04/12 PSNFSS-v9.2a (SPQR) 
)
(/usr/share/texmf/tex/latex/hyperref/hyperref.sty
Package: hyperref 2007/02/07 v6.75r Hypertext links for LaTeX
\@linkdim=\dimen105
\Hy@linkcounter=\count89
\Hy@pagecounter=\count90

(/usr/share/texmf/tex/latex/hyperref/pd1enc.def
File: pd1enc.def 2007/02/07 v6.75r Hyperref: PDFDocEncoding definition (HO)
)
(/usr/share/texmf/tex/latex/config/hyperref.cfg
File: hyperref.cfg 2002/06/06 v1.2 hyperref configuration of TeXLive
)
(/usr/share/texmf/tex/latex/oberdiek/kvoptions.sty
Package: kvoptions 2006/08/22 v2.4 Connects package keyval with LaTeX options (
HO)
)
Package hyperref Info: Option `colorlinks' set `true' on input line 2238.
Package hyperref Info: Hyper figures OFF on input line 2288.
Package hyperref Info: Link nesting OFF on input line 2293.
Package hyperref Info: Hyper index ON on input line 2296.
Package hyperref Info: Plain pages OFF on input line 2303.
Package hyperref Info: Backreferencing OFF on input line 2308.

Implicit mode ON; LaTeX internals redefined
Package hyperref Info: Bookmarks ON on input line 2444.
(/usr/share/texmf/tex/latex/ltxmisc/url.sty
\Urlmuskip=\muskip10
Package: url 2005/06/27  ver 3.2  Verb mode for urls, etc.
)
LaTeX Info: Redefining \url on input line 2599.
\Fld@menulength=\count91
\Field@Width=\dimen106
\Fld@charsize=\dimen107
\Choice@toks=\toks15
\Field@toks=\toks16
Package hyperref Info: Hyper figures OFF on input line 3102.
Package hyperref Info: Link nesting OFF on input line 3107.
Package hyperref Info: Hyper index ON on input line 3110.
Package hyperref Info: backreferencing OFF on input line 3117.
Package hyperref Info: Link coloring ON on input line 3120.
\Hy@abspage=\count92
\c@Item=\count93
\c@Hfootnote=\count94
)
*hyperref using default driver hpdftex*
(/usr/share/texmf/tex/latex/hyperref/hpdftex.def
File: hpdftex.def 2007/02/07 v6.75r Hyperref driver for pdfTeX
\Fld@listcount=\count95
)) (./mystyle.sty
Package: mystyle 

(/usr/share/texmf/tex/latex/was/gensymb.sty
Package: gensymb 2003/07/02 v1.0 (WaS)
)
(/usr/share/texmf/tex/latex/listings/listings.sty
\lst@mode=\count96
\lst@gtempboxa=\box26
\lst@token=\toks17
\lst@length=\count97
\lst@currlwidth=\dimen108
\lst@column=\count98
\lst@pos=\count99
\lst@lostspace=\dimen109
\lst@width=\dimen110
\lst@newlines=\count100
\lst@lineno=\count101
\c@lstlisting=\count102
\lst@maxwidth=\dimen111

(/usr/share/texmf/tex/latex/listings/lstpatch.sty
File: lstpatch.sty 2004/10/17 1.3b (Carsten Heinz)
)
(/usr/share/texmf/tex/latex/listings/lstmisc.sty
File: lstmisc.sty 2004/09/07 1.3 (Carsten Heinz)
\c@lstnumber=\count103
\lst@skipnumbers=\count104
\lst@framebox=\box27
)
(/usr/share/texmf/tex/latex/listings/listings.cfg
File: listings.cfg 2004/09/05 1.3 listings configuration
))
Package: listings 2004/10/17 1.3b (Carsten Heinz)

(/usr/share/texmf/tex/latex/pdfpages/pdfpages.sty
Package: pdfpages 2006/08/12 v0.4a Insert pages of external PDF documents (AM)

(/usr/share/texmf/tex/latex/base/ifthen.sty
Package: ifthen 2001/05/26 v1.1c Standard LaTeX ifthen package (DPC)
)
(/usr/share/texmf/tex/latex/tools/calc.sty
Package: calc 2005/08/06 v4.2 Infix arithmetic (KKT,FJ)
\calc@Acount=\count105
\calc@Bcount=\count106
\calc@Adimen=\dimen112
\calc@Bdimen=\dimen113
\calc@Askip=\skip43
\calc@Bskip=\skip44
LaTeX Info: Redefining \setlength on input line 75.
LaTeX Info: Redefining \addtolength on input line 76.
\calc@Ccount=\count107
\calc@Cskip=\skip45
)
(/usr/share/texmf/tex/latex/eso-pic/eso-pic.sty
Package: eso-pic 2006/07/14 v1.1d eso-pic (RN)

(/usr/share/texmf/tex/latex/everyshi/everyshi.sty
Package: everyshi 2001/05/15 v3.00 EveryShipout Package (MS)
))
(/usr/share/texmf/tex/latex/pdfpages/pppdftex.def
File: pppdftex.def 2006/08/12 v0.4a Pdfpages driver for pdfTeX (AM)
)
\AM@pagebox=\box28
\AM@toc@title=\toks18
\c@AM@survey=\count108
)) (./main.aux)
\openout1 = `main.aux'.

LaTeX Font Info:    Checking defaults for OML/cmm/m/it on input line 15.
LaTeX Font Info:    ... okay on input line 15.
LaTeX Font Info:    Checking defaults for T1/cmr/m/n on input line 15.
LaTeX Font Info:    ... okay on input line 15.
LaTeX Font Info:    Checking defaults for OT1/cmr/m/n on input line 15.
LaTeX Font Info:    ... okay on input line 15.
LaTeX Font Info:    Checking defaults for OMS/cmsy/m/n on input line 15.
LaTeX Font Info:    ... okay on input line 15.
LaTeX Font Info:    Checking defaults for OMX/cmex/m/n on input line 15.
LaTeX Font Info:    ... okay on input line 15.
LaTeX Font Info:    Checking defaults for U/cmr/m/n on input line 15.
LaTeX Font Info:    ... okay on input line 15.
LaTeX Font Info:    Checking defaults for PD1/pdf/m/n on input line 15.
LaTeX Font Info:    ... okay on input line 15.
LaTeX Font Info:    Try loading font information for OT1+ptm on input line 15.

(/usr/share/texmf/tex/latex/psnfss/ot1ptm.fd
File: ot1ptm.fd 2001/06/04 font definitions for OT1/ptm.
)
(/usr/share/texmf/tex/latex/graphics/color.sty
Package: color 2005/11/14 v1.0j Standard LaTeX Color (DPC)

(/usr/share/texmf/tex/latex/config/color.cfg
File: color.cfg 2007/01/18 v1.5 color configuration of teTeX/TeXLive
)
Package color Info: Driver file: pdftex.def on input line 130.
)
Package hyperref Info: Link coloring ON on input line 15.

(/usr/share/texmf/tex/latex/hyperref/nameref.sty
Package: nameref 2006/12/27 v2.28 Cross-referencing by name of section

(/usr/share/texmf/tex/latex/oberdiek/refcount.sty
Package: refcount 2006/02/20 v3.0 Data extraction from references (HO)
)
\c@section@level=\count109
)
LaTeX Info: Redefining \ref on input line 15.
LaTeX Info: Redefining \pageref on input line 15.
 (./main.out) (./main.out)
\@outlinefile=\write3
\openout3 = `main.out'.

LaTeX Info: Redefining \celsius on input line 15.
Package gensymb Info: Faking symbols for \degree and \celsius on input line 15.



Package gensymb Warning: Not defining \perthousand.

LaTeX Info: Redefining \ohm on input line 15.
Package gensymb Info: Using \Omega for \ohm on input line 15.

Package gensymb Warning: Not defining \micro.

ABD: EveryShipout initializing macros
<images/CompSci_mono.pdf, id=171, 340.27126pt x 49.18375pt>
File: images/CompSci_mono.pdf Graphic file (type pdf)

<use images/CompSci_mono.pdf>
LaTeX Font Info:    External font `cmex10' loaded for size
(Font)              <12> on input line 16.
LaTeX Font Info:    External font `cmex10' loaded for size
(Font)              <8> on input line 16.
LaTeX Font Info:    External font `cmex10' loaded for size
(Font)              <6> on input line 16.
 [1

{/usr/share/texmf/fonts/map/pdftex/updmap/pdftex.map} <./images/CompSci_mono.pd
f>]
LaTeX Font Info:    Font shape `OT1/ptm/bx/n' in size <10.95> not available
(Font)              Font shape `OT1/ptm/b/n' tried instead on input line 17.
pdfTeX warning (ext4): destination with the same identifier (name{page.1}) has 
been already used, duplicate ignored
<to be read again> 
                   \relax 
l.26 \end{abstract}
                    [1] (./tex/acknowledgements.tex)pdfTeX warning (ext4): dest
ination with the same identifier (name{page.1}) has been already used, duplicat
e ignored
<to be read again> 
                   \relax 
l.28 \educationalconsent
                         [1]
LaTeX Font Info:    Font shape `OT1/ptm/bx/n' in size <14.4> not available
(Font)              Font shape `OT1/ptm/b/n' tried instead on input line 28.
LaTeX Font Info:    External font `cmex10' loaded for size
(Font)              <10.95> on input line 28.
 [2]
LaTeX Font Info:    Font shape `OT1/ptm/bx/n' in size <24.88> not available
(Font)              Font shape `OT1/ptm/b/n' tried instead on input line 29.
 (./main.toc [3

])
\tf@toc=\write4
\openout4 = `main.toc'.

 [4]
Chapter 1.
LaTeX Font Info:    Font shape `OT1/ptm/bx/n' in size <20.74> not available
(Font)              Font shape `OT1/ptm/b/n' tried instead on input line 32.
(./tex/preliminaries.tex
LaTeX Font Info:    Try loading font information for OT1+pcr on input line 11.
 (/usr/share/texmf/tex/latex/psnfss/ot1pcr.fd
File: ot1pcr.fd 2001/06/04 font definitions for OT1/pcr.
)
Missing character: There is no £ in font pcrr7t!
Missing character: There is no £ in font ptmr7t!
Missing character: There is no £ in font pcrr7t!
Missing character: There is no £ in font ptmr7t!
Missing character: There is no £ in font pcrr7t!
Missing character: There is no £ in font ptmr7t!
Missing character: There is no £ in font pcrr7t!
Missing character: There is no £ in font ptmr7t!
Missing character: There is no £ in font pcrr7t!
Missing character: There is no £ in font ptmr7t!
Missing character: There is no £ in font pcrr7t!
Missing character: There is no £ in font ptmr7t!
Missing character: There is no £ in font pcrr7t!
Missing character: There is no £ in font ptmr7t!
Missing character: There is no £ in font pcrr7t!
Missing character: There is no £ in font ptmr7t!
LaTeX Font Info:    Try loading font information for OMS+ptm on input line 26.

(/usr/share/texmf/tex/latex/psnfss/omsptm.fd
File: omsptm.fd 
)
LaTeX Font Info:    Font shape `OMS/ptm/m/n' in size <10.95> not available
(Font)              Font shape `OMS/cmsy/m/n' tried instead on input line 26.
Missing character: There is no £ in font pcrr7t!
Missing character: There is no £ in font ptmr7t!
Missing character: There is no £ in font pcrr7t!
Missing character: There is no £ in font ptmr7t!
Missing character: There is no £ in font pcrr7t!
Missing character: There is no £ in font ptmr7t!
Missing character: There is no £ in font pcrr7t!
Missing character: There is no £ in font ptmr7t!
Missing character: There is no £ in font pcrr7t!
Missing character: There is no £ in font ptmr7t!
Missing character: There is no £ in font pcrr7t!
Missing character: There is no £ in font ptmr7t!
Missing character: There is no £ in font pcrr7t!
Missing character: There is no £ in font ptmr7t!
Missing character: There is no £ in font pcrr7t!
Missing character: There is no £ in font ptmr7t!
Missing character: There is no ‚ in font ptmr7t!
Missing character: There is no Ä in font ptmr7t!
Missing character: There is no ô in font ptmr7t!
 [5

]
<./images/other/annealing.jpg, id=252, 594.22pt x 748.7975pt>
File: ./images/other/annealing.jpg Graphic file (type jpg)

<use ./images/other/annealing.jpg> [6 <./images/other/annealing.jpg>])
(./tex/aims.tex [7]) (./tex/background.tex) (./tex/motiv.tex [8] [9]) [10]
Chapter 2.
(./tex/reqs.tex [11

]
Missing character: There is no ‚ in font ptmr7t!
Missing character: There is no Ä in font ptmr7t!
Missing character: There is no ô in font ptmr7t!
Missing character: There is no ‚ in font ptmr7t!
Missing character: There is no Ä in font ptmr7t!
Missing character: There is no ô in font ptmr7t!
 [12]) (./tex/uiDes.tex
<./images/UiDes/Slide1.JPG, id=318, 722.7pt x 542.025pt>
File: ./images/UiDes/Slide1.JPG Graphic file (type jpg)

<use ./images/UiDes/Slide1.JPG> [13 <./images/UiDes/Slide1.JPG>]
<./images/UiDes/Slide2.JPG, id=327, 722.7pt x 542.025pt>
File: ./images/UiDes/Slide2.JPG Graphic file (type jpg)

<use ./images/UiDes/Slide2.JPG>
<./images/UiDes/slide3.jpg, id=329, 722.7pt x 542.025pt>
File: ./images/UiDes/slide3.jpg Graphic file (type jpg)

<use ./images/UiDes/slide3.jpg>

LaTeX Warning: `h' float specifier changed to `ht'.

<./images/UiDes/Slide4.JPG, id=332, 722.7pt x 542.025pt>
File: ./images/UiDes/Slide4.JPG Graphic file (type jpg)

<use ./images/UiDes/Slide4.JPG>

LaTeX Warning: `h' float specifier changed to `ht'.

<./images/UiDes/slide5.jpg, id=333, 722.7pt x 542.025pt>
File: ./images/UiDes/slide5.jpg Graphic file (type jpg)

<use ./images/UiDes/slide5.jpg>

LaTeX Warning: `h' float specifier changed to `ht'.

[14 <./images/UiDes/Slide2.JPG>]
<./images/UiDes/Slide6.JPG, id=344, 722.7pt x 542.025pt>
File: ./images/UiDes/Slide6.JPG Graphic file (type jpg)

<use ./images/UiDes/Slide6.JPG>

LaTeX Warning: `h' float specifier changed to `ht'.

) [15 <./images/UiDes/slide3.jpg>] [16 <./images/UiDes/Slide4.JPG> <./images/Ui
Des/slide5.jpg>] [17 <./images/UiDes/Slide6.JPG>]
Chapter 3.
(./tex/teamDist.tex) (./tex/proglang.tex [18

]) (./tex/implUi.tex
LaTeX Font Info:    Font shape `OT1/ptm/bx/n' in size <12> not available
(Font)              Font shape `OT1/ptm/b/n' tried instead on input line 6.
 [19] [20]
[21] <./images/demoBuild/splash.png, id=414, 811.03pt x 628.3475pt>
File: ./images/demoBuild/splash.png Graphic file (type png)

<use ./images/demoBuild/splash.png>
<./images/demoBuild/sequenceEntry.png, id=415, 811.03pt x 628.3475pt>
File: ./images/demoBuild/sequenceEntry.png Graphic file (type png)

<use ./images/demoBuild/sequenceEntry.png> [22 <./images/demoBuild/splash.png>]
<./images/demoBuild/areaSelection.png, id=429, 811.03pt x 628.3475pt>
File: ./images/demoBuild/areaSelection.png Graphic file (type png)

<use ./images/demoBuild/areaSelection.png> [23 <./images/demoBuild/sequenceEntr
y.png> <./images/demoBuild/areaSelection.png>]
<./images/demoBuild/primerDesign.png, id=444, 811.03pt x 628.3475pt>
File: ./images/demoBuild/primerDesign.png Graphic file (type png)

<use ./images/demoBuild/primerDesign.png>
<./images/demoBuild/primerFeedback.png, id=447, 720.6925pt x 427.5975pt>
File: ./images/demoBuild/primerFeedback.png Graphic file (type png)

<use ./images/demoBuild/primerFeedback.png> [24 <./images/demoBuild/primerDesig
n.png>]
<./images/demoBuild/primerDesignRules.png, id=460, 501.875pt x 430.60875pt>
File: ./images/demoBuild/primerDesignRules.png Graphic file (type png)

<use ./images/demoBuild/primerDesignRules.png> [25 <./images/demoBuild/primerFe
edback.png> <./images/demoBuild/primerDesignRules.png>]
<./images/demoBuild/meltingTemp.png, id=469, 811.03pt x 628.3475pt>
File: ./images/demoBuild/meltingTemp.png Graphic file (type png)

<use ./images/demoBuild/meltingTemp.png> [26 <./images/demoBuild/meltingTemp.pn
g>] <./images/currentBuild/sequenceEntry.png, id=481, 811.03pt x 649.42625pt>
File: ./images/currentBuild/sequenceEntry.png Graphic file (type png)

<use ./images/currentBuild/sequenceEntry.png>
<./images/currentBuild/areaSelection.png, id=484, 811.03pt x 649.42625pt>
File: ./images/currentBuild/areaSelection.png Graphic file (type png)

<use ./images/currentBuild/areaSelection.png> [27 <./images/currentBuild/sequen
ceEntry.png>]
<./images/currentBuild/forwardPrimerDesignRed.png, id=498, 834.11626pt x 649.42
625pt>
File: ./images/currentBuild/forwardPrimerDesignRed.png Graphic file (type png)
 <use ./images/currentBuild/forwardPrimerDesignRed.png> [28 <./images/currentBu
ild/areaSelection.png> <./images/currentBuild/forwardPrimerDesignRed.png>]
<./images/currentBuild/forwardPerfectPrimer.png, id=513, 834.11626pt x 649.4262
5pt>
File: ./images/currentBuild/forwardPerfectPrimer.png Graphic file (type png)
 <use ./images/currentBuild/forwardPerfectPrimer.png>
<./images/currentBuild/primerEvalRed.png, id=515, 699.61375pt x 262.9825pt>
File: ./images/currentBuild/primerEvalRed.png Graphic file (type png)

<use ./images/currentBuild/primerEvalRed.png> [29 <./images/currentBuild/forwar
dPerfectPrimer.png> <./images/currentBuild/primerEvalRed.png>]
<./images/currentBuild/reversePrimerPerfect.png, id=526, 834.11626pt x 649.4262
5pt>
File: ./images/currentBuild/reversePrimerPerfect.png Graphic file (type png)
 <use ./images/currentBuild/reversePrimerPerfect.png>
<./images/currentBuild/primerDesignBothFeedback.png, id=528, 825.0825pt x 421.5
75pt>
File: ./images/currentBuild/primerDesignBothFeedback.png Graphic file (type png
)
 <use ./images/currentBuild/primerDesignBothFeedback.png>)
(./tex/models.tex
<./images/currentBuild/modelClassDiagram.png, id=529, 2028.57875pt x 1951.29pt>
File: ./images/currentBuild/modelClassDiagram.png Graphic file (type png)
<use ./images/currentBuild/modelClassDiagram.png> [30 <./images/currentBuild/re
versePrimerPerfect.png> <./images/currentBuild/primerDesignBothFeedback.png>]
[31 <./images/currentBuild/modelClassDiagram.png (PNG copy)>])
(./tex/PrimerChecks.tex
Missing character: There is no £ in font pcrr7t!
Missing character: There is no £ in font ptmr7t!
Missing character: There is no £ in font pcrr7t!
Missing character: There is no £ in font ptmr7t!
 [32] [33]) (./tex/DynHigh.tex
Missing character: There is no ‚ in font ptmr7t!
Missing character: There is no Ä in font ptmr7t!
Missing character: There is no ú in font ptmr7t!
Missing character: There is no ‚ in font ptmr7t!
Missing character: There is no Ä in font ptmr7t!
Missing character: There is no ù in font ptmr7t!
 [34]
Missing character: There is no ‚ in font ptmr7t!
Missing character: There is no Ä in font ptmr7t!
Missing character: There is no ú in font ptmr7t!
Missing character: There is no ‚ in font ptmr7t!
Missing character: There is no Ä in font ptmr7t!
Missing character: There is no ù in font ptmr7t!
 [35] [36])
(./tex/implAnim.tex [37]
<./images/AnimImpl/Stage1.png, id=589, 769.37437pt x 577.40718pt>
File: ./images/AnimImpl/Stage1.png Graphic file (type png)

<use ./images/AnimImpl/Stage1.png>

LaTeX Warning: `h' float specifier changed to `ht'.

<./images/AnimImpl/Stage2.png, id=590, 770.12718pt x 576.65437pt>
File: ./images/AnimImpl/Stage2.png Graphic file (type png)

<use ./images/AnimImpl/Stage2.png>
<./images/AnimImpl/Stage3.png, id=591, 769.37437pt x 576.65437pt>
File: ./images/AnimImpl/Stage3.png Graphic file (type png)

<use ./images/AnimImpl/Stage3.png>
<./images/AnimImpl/Stage5.png, id=592, 771.63281pt x 573.64313pt>
File: ./images/AnimImpl/Stage5.png Graphic file (type png)

<use ./images/AnimImpl/Stage5.png> [38]
<./images/AnimImpl/Stage6.png, id=601, 768.62157pt x 578.16pt>
File: ./images/AnimImpl/Stage6.png Graphic file (type png)

<use ./images/AnimImpl/Stage6.png>) [39 <./images/AnimImpl/Stage1.png> <./image
s/AnimImpl/Stage2.png>] [40 <./images/AnimImpl/Stage3.png> <./images/AnimImpl/S
tage5.png>] [41 <./images/AnimImpl/Stage6.png>]
Chapter 4.
(./tex/testing.tex
Underfull \hbox (badness 10000) in paragraph at lines 28--40

 []


Underfull \hbox (badness 10000) in paragraph at lines 28--40

 []


Underfull \hbox (badness 10000) in paragraph at lines 28--40

 []


Underfull \hbox (badness 10000) in paragraph at lines 28--40

 []

[42

] <./images/demoBuild/test.png, id=634, 684.5575pt x 681.54625pt>
File: ./images/demoBuild/test.png Graphic file (type png)

<use ./images/demoBuild/test.png>
Underfull \hbox (badness 10000) in paragraph at lines 65--79

 []


Underfull \hbox (badness 10000) in paragraph at lines 65--79

 []

[43 <./images/demoBuild/test.png (PNG copy)>]) (./tex/demo.tex [44] [45])
(./tex/evalQuestion.tex [46] [47]
<./images/perceivedLearning.png, id=681, 728.7225pt x 469.755pt>
File: ./images/perceivedLearning.png Graphic file (type png)

<use ./images/perceivedLearning.png> [48] [49 <./images/perceivedLearning.png (
PNG copy)>] [50]) (./tex/future.tex
Underfull \hbox (badness 10000) in paragraph at lines 1--3

 []


Underfull \hbox (badness 10000) in paragraph at lines 6--7

 []


Underfull \hbox (badness 10000) in paragraph at lines 6--7

 []


Underfull \hbox (badness 10000) in paragraph at lines 8--9

 []


Underfull \hbox (badness 10000) in paragraph at lines 8--9

 []

[51]
Underfull \hbox (badness 10000) in paragraph at lines 10--11

 []


Underfull \hbox (badness 10000) in paragraph at lines 10--11

 []


Underfull \hbox (badness 10000) in paragraph at lines 12--13

 []


Underfull \hbox (badness 10000) in paragraph at lines 12--13

 []


Underfull \hbox (badness 10000) in paragraph at lines 14--15

 []


Underfull \hbox (badness 10000) in paragraph at lines 14--15

 []


LaTeX Warning: Citation `Flash' on page 52 undefined on input line 16.


Underfull \hbox (badness 10000) in paragraph at lines 16--17

 []


Underfull \hbox (badness 10000) in paragraph at lines 16--17

 []


Underfull \hbox (badness 10000) in paragraph at lines 18--19

 []


Underfull \hbox (badness 10000) in paragraph at lines 18--19

 []


Underfull \hbox (badness 10000) in paragraph at lines 20--21

 []


Underfull \hbox (badness 10000) in paragraph at lines 20--21

 []


Underfull \hbox (badness 10000) in paragraph at lines 22--23

 []


Underfull \hbox (badness 10000) in paragraph at lines 22--23

 []

) [52]
Chapter 5.
(./tex/conclusion.tex) [53

]
Appendix A.
(./tex/glossary.tex
Overfull \hbox (30.52588pt too wide) in paragraph at lines 7--10
\OT1/ptm/m/n/10.95 men-ta-tion and im-plen-ta-tion at [][]$\OT1/pcr/m/n/10.95 h
ttps : / / github . com / Dan-[]McElroy / Team-[]Project-[]-[]Q$[][] 
 []


Overfull \hbox (3.38188pt too wide) in paragraph at lines 49--50
[]\OT1/ptm/m/n/10.95 National Cen-ter for Biotech-nol-ogy In-for-ma-tion, a bra
nch of the Na-tional In-sti-tudes of Health.
 []

[54

]) [55]
Appendix B.
[56

] <questionnaireResponses.pdf, id=741, page=1, 845.1575pt x 597.23125pt>
File: questionnaireResponses.pdf Graphic file (type pdf)

<use questionnaireResponses.pdf, page 1>
File: questionnaireResponses.pdf Graphic file (type pdf)

<use questionnaireResponses.pdf, page 1>
File: questionnaireResponses.pdf Graphic file (type pdf)

<use questionnaireResponses.pdf, page 1>
File: questionnaireResponses.pdf Graphic file (type pdf)

<use questionnaireResponses.pdf, page 1>
File: questionnaireResponses.pdf Graphic file (type pdf)

<use questionnaireResponses.pdf, page 1> [57 <./questionnaireResponses.pdf

pdfTeX warning: pdflatex (file ./questionnaireResponses.pdf): PDF inclusion: Pa
ge Group detected which pdfTeX can't handle. Ignoring it.
>] <questionnaireResponses.pdf, id=758, page=2, 845.1575pt x 597.23125pt>
File: questionnaireResponses.pdf Graphic file (type pdf)

<use questionnaireResponses.pdf, page 2>
File: questionnaireResponses.pdf Graphic file (type pdf)

<use questionnaireResponses.pdf, page 2>
File: questionnaireResponses.pdf Graphic file (type pdf)

<use questionnaireResponses.pdf, page 2> [58 <./questionnaireResponses.pdf

pdfTeX warning: pdflatex (file ./questionnaireResponses.pdf): PDF inclusion: Pa
ge Group detected which pdfTeX can't handle. Ignoring it.
>] <questionnaireResponses.pdf, id=764, page=3, 845.1575pt x 597.23125pt>
File: questionnaireResponses.pdf Graphic file (type pdf)

<use questionnaireResponses.pdf, page 3>
File: questionnaireResponses.pdf Graphic file (type pdf)

<use questionnaireResponses.pdf, page 3>
File: questionnaireResponses.pdf Graphic file (type pdf)

<use questionnaireResponses.pdf, page 3> [59 <./questionnaireResponses.pdf

pdfTeX warning: pdflatex (file ./questionnaireResponses.pdf): PDF inclusion: Pa
ge Group detected which pdfTeX can't handle. Ignoring it.
>]
Appendix C.
[60

] <roundtable.pdf, id=777, page=1, 597.50829pt x 845.0471pt>
File: roundtable.pdf Graphic file (type pdf)

<use roundtable.pdf, page 1>
File: roundtable.pdf Graphic file (type pdf)
 <use roundtable.pdf, page 1>
File: roundtable.pdf Graphic file (type pdf)

<use roundtable.pdf, page 1>
File: roundtable.pdf Graphic file (type pdf)
 <use roundtable.pdf, page 1>
File: roundtable.pdf Graphic file (type pdf)

<use roundtable.pdf, page 1> [61 <./roundtable.pdf>]
<roundtable.pdf, id=808, page=2, 597.50829pt x 845.0471pt>
File: roundtable.pdf Graphic file (type pdf)

<use roundtable.pdf, page 2>
File: roundtable.pdf Graphic file (type pdf)
 <use roundtable.pdf, page 2>
File: roundtable.pdf Graphic file (type pdf)

<use roundtable.pdf, page 2> [62 <./roundtable.pdf>]
Appendix D.
[63

] <feedback_eval.pdf, id=819, page=1, 597.50829pt x 845.0471pt>
File: feedback_eval.pdf Graphic file (type pdf)

<use feedback_eval.pdf, page 1>
File: feedback_eval.pdf Graphic file (type pdf)
 <use feedback_eval.pdf, page 1>
File: feedback_eval.pdf Graphic file (type pdf)

<use feedback_eval.pdf, page 1>
File: feedback_eval.pdf Graphic file (type pdf)
 <use feedback_eval.pdf, page 1>
File: feedback_eval.pdf Graphic file (type pdf)

<use feedback_eval.pdf, page 1> [64 <./feedback_eval.pdf>]
<feedback_eval.pdf, id=847, page=2, 597.50829pt x 845.0471pt>
File: feedback_eval.pdf Graphic file (type pdf)

<use feedback_eval.pdf, page 2>
File: feedback_eval.pdf Graphic file (type pdf)
 <use feedback_eval.pdf, page 2>
File: feedback_eval.pdf Graphic file (type pdf)

<use feedback_eval.pdf, page 2> [65 <./feedback_eval.pdf>]
<feedback_eval.pdf, id=853, page=3, 597.50829pt x 845.0471pt>
File: feedback_eval.pdf Graphic file (type pdf)

<use feedback_eval.pdf, page 3>
File: feedback_eval.pdf Graphic file (type pdf)
 <use feedback_eval.pdf, page 3>
File: feedback_eval.pdf Graphic file (type pdf)

<use feedback_eval.pdf, page 3> [66 <./feedback_eval.pdf>] (./main.bbl
Underfull \hbox (badness 10000) in paragraph at lines 40--42
[]\OT1/ptm/m/n/10.95 JavaFX overview.  [][]$\OT1/pcr/m/n/10.95 http : / / docs 
. oracle . com / javafx / 2 / overview /
 []


Underfull \hbox (badness 3547) in paragraph at lines 60--62
[]\OT1/ptm/m/n/10.95 Trail: Cre-at-ing a gui with jfc/swing.  [][]$\OT1/pcr/m/n
/10.95 http : / / docs . oracle . com / javase /
 []

[67


]) [68] (./main.aux)

LaTeX Warning: There were undefined references.


LaTeX Warning: Label(s) may have changed. Rerun to get cross-references right.

 ) 
Here is how much of TeX's memory you used:
 5140 strings out of 256216
 76324 string characters out of 1917072
 131767 words of memory out of 1500000
 8032 multiletter control sequences out of 10000+200000
 24975 words of font info for 50 fonts, out of 1200000 for 2000
 645 hyphenation exceptions out of 8191
 35i,16n,37p,1584b,429s stack positions out of 5000i,500n,6000p,200000b,15000s
{/usr/share/texmf/fonts/enc/dvips/base/8r.enc}</usr/share/texmf/fonts/type1/b
luesky/cm/cmbx10.pfb></usr/share/texmf/fonts/type1/bluesky/cm/cmbx12.pfb></usr/
share/texmf/fonts/type1/bluesky/cm/cmr10.pfb></usr/share/texmf/fonts/type1/blue
sky/cm/cmr12.pfb></usr/share/texmf/fonts/type1/bluesky/cm/cmr17.pfb></usr/share
/texmf/fonts/type1/bluesky/cm/cmsy10.pfb></usr/share/texmf/fonts/type1/bluesky/
cm/cmsy8.pfb></usr/share/texmf/fonts/type1/bluesky/cm/cmti10.pfb></usr/share/te
xmf/fonts/type1/urw/courier/ucrr8a.pfb></usr/share/texmf/fonts/type1/urw/times/
utmb8a.pfb></usr/share/texmf/fonts/type1/urw/times/utmr8a.pfb></usr/share/texmf
/fonts/type1/urw/times/utmri8a.pfb>
Output written on main.pdf (70 pages, 3466014 bytes).
PDF statistics:
 969 PDF objects out of 1000 (max. 8388607)
 222 named destinations out of 1000 (max. 131072)
 565 words of extra memory for PDF output out of 10000 (max. 10000000)

